<?xml version="1.0" encoding="UTF-8"?>
<!-- Generated by org.testng.reporters.JUnitXMLReporter -->
<testsuite ignored="0" hostname="DESKTOP-VNBRP91" failures="0" tests="1" name="ChromeTest" time="2.783" errors="0" timestamp="2024-06-07T17:45:31 IST">
  <testcase classname="enginecomponents.BaseClass" name="@BeforeTest beforeTest" time="2.649">
    <failure type="java.lang.NullPointerException" message="Cannot invoke &amp;quot;com.aventstack.extentreports.ExtentTest.log(com.aventstack.extentreports.Status, String)&amp;quot; because &amp;quot;utils.WebUtility.test&amp;quot; is null">
      <![CDATA[java.lang.NullPointerException: Cannot invoke "com.aventstack.extentreports.ExtentTest.log(com.aventstack.extentreports.Status, String)" because "utils.WebUtility.test" is null
at utils.WebUtility.openBrowser(WebUtility.java:25)
at enginecomponents.BaseClass.beforeTest(BaseClass.java:20)
... Removed 24 stack frames]]>
    </failure>
  </testcase> <!-- @BeforeTest beforeTest -->
  <testcase classname="enginecomponents.BaseClass" name="@BeforeMethod beforeMethod" time="0.0">
    <skipped/>
  </testcase> <!-- @BeforeMethod beforeMethod -->
  <testcase classname="enginecomponents.BaseClass" name="@AfterMethod afterMethod" time="0.0">
    <skipped/>
  </testcase> <!-- @AfterMethod afterMethod -->
  <testcase classname="enginecomponents.BaseClass" name="@AfterTest afterTest" time="0.0">
    <skipped/>
  </testcase> <!-- @AfterTest afterTest -->
  <testcase classname="testcomponents.SignUpTest" name="signUpTest" time="0.0">
    <skipped/>
  </testcase> <!-- signUpTest -->
</testsuite> <!-- ChromeTest -->
