<?xml version="1.0" encoding="UTF-8"?>
<!-- Generated by org.testng.reporters.JUnitXMLReporter -->
<testsuite ignored="2" hostname="DESKTOP-VNBRP91" failures="0" tests="2" name="Test" time="27.658" errors="0" timestamp="2024-06-10T22:30:51 IST">
  <testcase classname="testcomponents.SignUpTest" name="signUpTest" time="4.414"/>
  <testcase classname="testcomponents.LoginTest" name="loginTest" time="8.243"/>
  <testcase classname="enginecomponents.BaseClass" name="@AfterSuite afterSuit" time="0.0">
    <ignored/>
  </testcase> <!-- @AfterSuite afterSuit -->
  <testcase classname="enginecomponents.BaseClass" name="@BeforeSuite beforeSuit" time="0.0">
    <ignored/>
  </testcase> <!-- @BeforeSuite beforeSuit -->
</testsuite> <!-- Test -->
